$ vips --vips-version
libvips 8.15.1

$ vips --vips-config
enable debug: false
enable deprecated: true
enable modules: true
enable cplusplus: true
enable RAD load/save: true
enable Analyze7 load/save: true
enable PPM load/save: true
enable GIF load: true
use fftw for FFTs: true
SIMD support with highway: true
accelerate loops with ORC: false
ICC profile support with lcms: true
zlib: true
text rendering with pangocairo: true
font file support with fontconfig: true
EXIF metadata support with libexif: true
JPEG load/save with libjpeg: true
JXL load/save with libjxl: true (dynamic module: true)
JPEG2000 load/save with OpenJPEG: true
PNG load/save with libspng: true
PNG load/save with libpng: false
selected quantisation package: imagequant
TIFF load/save with libtiff: true
image pyramid save with libarchive: true
HEIC/AVIF load/save with libheif: true (dynamic module: true)
WebP load/save with libwebp: true
PDF load with PDFium: false
PDF load with poppler-glib: true (dynamic module: true)
SVG load with librsvg: true
EXR load with OpenEXR: true
OpenSlide load: true (dynamic module: true)
Matlab load with libmatio: true
NIfTI load/save with niftiio: false
FITS load/save with cfitsio: true
GIF save with cgif: true
selected Magick package: MagickCore (dynamic module: true)
Magick API version: magick6
Magick load: true
Magick save: true
